2023-08-21 16:09:38.719 [log] [main] INFO  [cn.cnn.nnlogtraceexample.NnlogtraceExampleApplication] -Starting NnlogtraceExampleApplication using Java 1.8.0_311 on ningdeMBP with PID 73837 (/Users/ning/github-projects/nnlogtrace-example/target/classes started by ning in /Users/ning/github-projects/nnlogtrace-example)[traceId:]
2023-08-21 16:09:38.727 [log] [main] INFO  [cn.cnn.nnlogtraceexample.NnlogtraceExampleApplication] -No active profile set, falling back to 1 default profile: "default"[traceId:]
2023-08-21 16:09:41.174 [log] [main] INFO  [org.springframework.boot.web.embedded.tomcat.TomcatWebServer] -Tomcat initialized with port(s): 8080 (http)[traceId:]
2023-08-21 16:09:41.210 [log] [main] INFO  [org.apache.coyote.http11.Http11NioProtocol] -Initializing ProtocolHandler ["http-nio-8080"][traceId:]
2023-08-21 16:09:41.211 [log] [main] INFO  [org.apache.catalina.core.StandardService] -Starting service [Tomcat][traceId:]
2023-08-21 16:09:41.211 [log] [main] INFO  [org.apache.catalina.core.StandardEngine] -Starting Servlet engine: [Apache Tomcat/9.0.65][traceId:]
2023-08-21 16:09:41.624 [log] [main] INFO  [org.apache.catalina.core.ContainerBase.[Tomcat].[localhost].[/]] -Initializing Spring embedded WebApplicationContext[traceId:]
2023-08-21 16:09:41.625 [log] [main] INFO  [org.springframework.boot.web.servlet.context.ServletWebServerApplicationContext] -Root WebApplicationContext: initialization completed in 2803 ms[traceId:]
2023-08-21 16:09:42.738 [log] [main] INFO  [org.apache.coyote.http11.Http11NioProtocol] -Starting ProtocolHandler ["http-nio-8080"][traceId:]
2023-08-21 16:09:42.786 [log] [main] INFO  [org.springframework.boot.web.embedded.tomcat.TomcatWebServer] -Tomcat started on port(s): 8080 (http) with context path ''[traceId:]
2023-08-21 16:09:42.838 [log] [main] INFO  [cn.cnn.nnlogtraceexample.NnlogtraceExampleApplication] -Started NnlogtraceExampleApplication in 5.486 seconds (JVM running for 23.63)[traceId:]
2023-08-21 16:09:42.909 [log] [scheduling-1] INFO  [cn.cnn.nnlogtraceexample.scheduled.HelloScheduled] -开始scheduled的演示[traceId:3f3ed6db11b4481fa040882930ae3c59]
2023-08-21 16:09:44.821 [log] [scheduling-1] INFO  [cn.cnn.nnlogtraceexample.scheduled.HelloScheduled] -开始scheduled的演示[traceId:43c19ae89d63428bbbd3bdfe67618aef]
2023-08-21 16:09:46.813 [log] [scheduling-1] INFO  [cn.cnn.nnlogtraceexample.scheduled.HelloScheduled] -开始scheduled的演示[traceId:fc856179ad044976ae5bc7bf7bdb2425]
2023-08-21 16:09:48.807 [log] [scheduling-1] INFO  [cn.cnn.nnlogtraceexample.scheduled.HelloScheduled] -开始scheduled的演示[traceId:54c021b7413844ea9f5aae33adbd6633]
2023-08-21 16:09:50.816 [log] [scheduling-1] INFO  [cn.cnn.nnlogtraceexample.scheduled.HelloScheduled] -开始scheduled的演示[traceId:42f795704eee40168bfe2cc8a2a54b7a]
2023-08-21 16:09:52.811 [log] [scheduling-1] INFO  [cn.cnn.nnlogtraceexample.scheduled.HelloScheduled] -开始scheduled的演示[traceId:b054de9c16b3434f93d7192dad5e3707]
2023-08-21 16:09:54.819 [log] [scheduling-1] INFO  [cn.cnn.nnlogtraceexample.scheduled.HelloScheduled] -开始scheduled的演示[traceId:6b3058847b734f9d9c644e43ed2ee484]
2023-08-21 16:09:56.814 [log] [scheduling-1] INFO  [cn.cnn.nnlogtraceexample.scheduled.HelloScheduled] -开始scheduled的演示[traceId:8903a877a02e46759bcb1abea12532fe]
2023-08-21 16:09:58.814 [log] [scheduling-1] INFO  [cn.cnn.nnlogtraceexample.scheduled.HelloScheduled] -开始scheduled的演示[traceId:3ba2c3fe26954bd6927374d95d4cd7a7]
2023-08-21 16:10:00.813 [log] [scheduling-1] INFO  [cn.cnn.nnlogtraceexample.scheduled.HelloScheduled] -开始scheduled的演示[traceId:ab4ccd968dc04bc2a7d7cb49e8bf3735]
2023-08-21 16:10:02.809 [log] [scheduling-1] INFO  [cn.cnn.nnlogtraceexample.scheduled.HelloScheduled] -开始scheduled的演示[traceId:544cf80b66074b87b9a3837f8b34bf83]
2023-08-21 16:10:04.808 [log] [scheduling-1] INFO  [cn.cnn.nnlogtraceexample.scheduled.HelloScheduled] -开始scheduled的演示[traceId:61c0fc93f10742aea792c62cc60be2fe]
2023-08-21 16:10:06.811 [log] [scheduling-1] INFO  [cn.cnn.nnlogtraceexample.scheduled.HelloScheduled] -开始scheduled的演示[traceId:65767c62033041a689b53ee4ed59097d]
2023-08-21 16:10:08.809 [log] [scheduling-1] INFO  [cn.cnn.nnlogtraceexample.scheduled.HelloScheduled] -开始scheduled的演示[traceId:ef0e9f0a31054efa81261a9ef742cf77]
2023-08-21 16:10:10.806 [log] [scheduling-1] INFO  [cn.cnn.nnlogtraceexample.scheduled.HelloScheduled] -开始scheduled的演示[traceId:1996c328cad24c55b109b9161fc33ca2]
2023-08-21 16:10:12.814 [log] [scheduling-1] INFO  [cn.cnn.nnlogtraceexample.scheduled.HelloScheduled] -开始scheduled的演示[traceId:0aaa6215ab434ee2808b69e01c6719aa]
2023-08-21 16:10:14.809 [log] [scheduling-1] INFO  [cn.cnn.nnlogtraceexample.scheduled.HelloScheduled] -开始scheduled的演示[traceId:67f1bba0ecac41a59072eaab457a1281]
2023-08-21 16:10:16.809 [log] [scheduling-1] INFO  [cn.cnn.nnlogtraceexample.scheduled.HelloScheduled] -开始scheduled的演示[traceId:ea76c889a82542268c8bb51bcac37b93]
2023-08-21 16:10:18.812 [log] [scheduling-1] INFO  [cn.cnn.nnlogtraceexample.scheduled.HelloScheduled] -开始scheduled的演示[traceId:2a789973eeed474bbf9a5fed89f0cebc]
2023-08-21 16:10:20.814 [log] [scheduling-1] INFO  [cn.cnn.nnlogtraceexample.scheduled.HelloScheduled] -开始scheduled的演示[traceId:547fb115c00a4c4a9c140d44553f75f6]
2023-08-21 16:10:22.809 [log] [scheduling-1] INFO  [cn.cnn.nnlogtraceexample.scheduled.HelloScheduled] -开始scheduled的演示[traceId:6d8231e4db404c69aa227fa0431764d9]
2023-08-21 16:10:24.806 [log] [scheduling-1] INFO  [cn.cnn.nnlogtraceexample.scheduled.HelloScheduled] -开始scheduled的演示[traceId:0b7572cff46c4e3f963eaa0d7cb0a8a0]
2023-08-21 16:10:26.809 [log] [scheduling-1] INFO  [cn.cnn.nnlogtraceexample.scheduled.HelloScheduled] -开始scheduled的演示[traceId:e03fcfedd9b94ef0a7201218e3f4639d]
2023-08-21 16:10:28.809 [log] [scheduling-1] INFO  [cn.cnn.nnlogtraceexample.scheduled.HelloScheduled] -开始scheduled的演示[traceId:7d88ac1c8f19491fadd339cd90771402]
2023-08-21 16:10:30.809 [log] [scheduling-1] INFO  [cn.cnn.nnlogtraceexample.scheduled.HelloScheduled] -开始scheduled的演示[traceId:bc8a541c63b740ca8cbc430a37403d43]
